[backblue.gif]
[fade.gif]
[index.html]
[ashik.templatepath.net/conexi-preview-files/images/favicon/apple-icon-57x57.png]
[ashik.templatepath.net/conexi-preview-files/images/favicon/apple-icon-60x60.png]
[ashik.templatepath.net/conexi-preview-files/images/favicon/apple-icon-72x72.png]
[ashik.templatepath.net/conexi-preview-files/images/favicon/apple-icon-76x76.png]
[ashik.templatepath.net/conexi-preview-files/images/favicon/apple-icon-114x114.png]
[ashik.templatepath.net/conexi-preview-files/images/favicon/apple-icon-120x120.png]
[ashik.templatepath.net/conexi-preview-files/images/favicon/apple-icon-144x144.png]
[ashik.templatepath.net/conexi-preview-files/images/favicon/apple-icon-152x152.png]
[ashik.templatepath.net/conexi-preview-files/images/favicon/apple-icon-180x180.png]
[ashik.templatepath.net/conexi-preview-files/images/favicon/android-icon-192x192.png]
[ashik.templatepath.net/conexi-preview-files/images/favicon/favicon-32x32.png]
[ashik.templatepath.net/conexi-preview-files/images/favicon/favicon-96x96.png]
[ashik.templatepath.net/conexi-preview-files/images/favicon/favicon-16x16.png]
[ashik.templatepath.net/conexi-preview-files/images/favicon/manifest.json]
[ashik.templatepath.net/conexi-preview-files/images/resources/logo-1-1.png]
[ashik.templatepath.net/conexi-preview-files/images/slider/slider-1-1.jpg]
[ashik.templatepath.net/conexi-preview-files/images/slider/slider-1-2.jpg]
[ashik.templatepath.net/conexi-preview-files/images/background/booking-bg-1-1.png]
[ashik.templatepath.net/conexi-preview-files/images/resources/choise-1-1.png]
[ashik.templatepath.net/conexi-preview-files/images/resources/video-1-1.png]
[ashik.templatepath.net/conexi-preview-files/images/pricing/pricing-1-1.png]
[ashik.templatepath.net/conexi-preview-files/images/pricing/pricing-1-2.png]
[ashik.templatepath.net/conexi-preview-files/images/pricing/pricing-1-3.png]
[ashik.templatepath.net/conexi-preview-files/images/brand/brand-1-1.jpg]
[ashik.templatepath.net/conexi-preview-files/images/brand/brand-1-2.jpg]
[ashik.templatepath.net/conexi-preview-files/images/brand/brand-1-3.jpg]
[ashik.templatepath.net/conexi-preview-files/images/brand/brand-1-4.jpg]
[ashik.templatepath.net/conexi-preview-files/images/brand/brand-1-5.jpg]
[ashik.templatepath.net/conexi-preview-files/images/background/feature-bg-1-1.png]
[ashik.templatepath.net/conexi-preview-files/images/resources/testi-1-1.jpg]
[ashik.templatepath.net/conexi-preview-files/images/resources/testi-1-2.jpg]
[ashik.templatepath.net/conexi-preview-files/images/resources/testi-1-3.jpg]
[ashik.templatepath.net/conexi-preview-files/images/blog/blog-1-1.jpg]
[ashik.templatepath.net/conexi-preview-files/images/blog/blog-2-1.jpg]
[ashik.templatepath.net/conexi-preview-files/images/blog/blog-2-2.jpg]
[ashik.templatepath.net/conexi-preview-files/images/background/footer-bg-1-1.png]
[ashik.templatepath.net/conexi-preview-files/js/jquery.js]
[ashik.templatepath.net/conexi-preview-files/js/bootstrap.bundle.min.js]
[ashik.templatepath.net/conexi-preview-files/js/owl.carousel.min.js]
[ashik.templatepath.net/conexi-preview-files/js/bootstrap-select.min.js]
[ashik.templatepath.net/conexi-preview-files/js/jquery.magnific-popup.min.js]
[ashik.templatepath.net/conexi-preview-files/js/waypoints.min.js]
[ashik.templatepath.net/conexi-preview-files/js/jquery.counterup.min.js]
[ashik.templatepath.net/conexi-preview-files/js/jquery.bxslider.min.js]
[ashik.templatepath.net/conexi-preview-files/js/theme.js]
[ashik.templatepath.net/conexi-preview-files/index.html]
[ashik.templatepath.net/ms-icon-144x144.html]
[ashik.templatepath.net/conexi-preview-files/images/resources/preloader.gif]
[ashik.templatepath.net/conexi-preview-files/images/resources/zigzag-box.png]
[ashik.templatepath.net/conexi-preview-files/images/resources/zigzag-box-2.png]
[ashik.templatepath.net/conexi-preview-files/images/background/testi-bg-1-1.jpg]
[ashik.templatepath.net/conexi-preview-files/images/background/inner-banner-bg-1-1.jpg]
[ashik.templatepath.net/conexi-preview-files/css/style.css]
[ashik.templatepath.net/conexi-preview-files/css/responsive.css]
[ashik.templatepath.net/conexi-preview-files/index-2.html]
[ashik.templatepath.net/conexi-preview-files/images/slider/slider-2-1.jpg]
[ashik.templatepath.net/conexi-preview-files/images/slider/slider-2-2.jpg]
[ashik.templatepath.net/conexi-preview-files/images/resources/book-1-1.jpg]
[ashik.templatepath.net/conexi-preview-files/images/resources/offer-1-1.jpg]
[ashik.templatepath.net/conexi-preview-files/images/resources/offer-1-2.jpg]
[ashik.templatepath.net/conexi-preview-files/images/resources/offer-1-3.jpg]
[ashik.templatepath.net/conexi-preview-files/images/resources/cta-moc-1-1.png]
[ashik.templatepath.net/conexi-preview-files/images/background/team-bg-1-1.png]
[ashik.templatepath.net/conexi-preview-files/images/team/team-1-1.jpg]
[ashik.templatepath.net/conexi-preview-files/images/team/team-1-2.jpg]
[ashik.templatepath.net/conexi-preview-files/images/team/team-1-3.jpg]
[ashik.templatepath.net/conexi-preview-files/images/blog/blog-1-2.jpg]
[ashik.templatepath.net/conexi-preview-files/images/blog/blog-1-3.jpg]
[ashik.templatepath.net/conexi-preview-files/index2.html]
[ashik.templatepath.net/conexi-preview-files/images/resources/about-1-1.jpg]
[ashik.templatepath.net/conexi-preview-files/images/resources/history-1-1.jpg]
[ashik.templatepath.net/conexi-preview-files/about.html]
[ashik.templatepath.net/conexi-preview-files/images/team/team-1-4.jpg]
[ashik.templatepath.net/conexi-preview-files/images/team/team-1-5.jpg]
[ashik.templatepath.net/conexi-preview-files/images/team/team-1-6.jpg]
[ashik.templatepath.net/conexi-preview-files/driver.html]
[ashik.templatepath.net/conexi-preview-files/images/pricing/pricing-1-4.png]
[ashik.templatepath.net/conexi-preview-files/images/pricing/pricing-1-5.png]
[ashik.templatepath.net/conexi-preview-files/images/pricing/pricing-1-6.png]
[ashik.templatepath.net/conexi-preview-files/taxi.html]
[ashik.templatepath.net/conexi-preview-files/images/resources/single-taxi-1-1.jpg]
[ashik.templatepath.net/conexi-preview-files/single-taxi.html]
[ashik.templatepath.net/conexi-preview-files/book-ride.html]
[ashik.templatepath.net/conexi-preview-files/images/blog/blog-1-4.jpg]
[ashik.templatepath.net/conexi-preview-files/images/blog/blog-1-5.jpg]
[ashik.templatepath.net/conexi-preview-files/images/blog/blog-1-6.jpg]
[ashik.templatepath.net/conexi-preview-files/blog.html]
[ashik.templatepath.net/conexi-preview-files/images/blog/single-blog-1-1.jpg]
[ashik.templatepath.net/conexi-preview-files/images/blog/comment-1-1.jpg]
[ashik.templatepath.net/conexi-preview-files/images/blog/comment-1-2.jpg]
[ashik.templatepath.net/conexi-preview-files/images/blog/auhor-1-1.jpg]
[ashik.templatepath.net/conexi-preview-files/images/blog/lp-1-1.jpg]
[ashik.templatepath.net/conexi-preview-files/images/blog/lp-1-2.jpg]
[ashik.templatepath.net/conexi-preview-files/images/blog/lp-1-3.jpg]
[ashik.templatepath.net/conexi-preview-files/blog-details.html]
[ashik.templatepath.net/conexi-preview-files/js/gmaps.js]
[ashik.templatepath.net/conexi-preview-files/js/map-helper.js]
[ashik.templatepath.net/conexi-preview-files/js/validate.js]
[ashik.templatepath.net/conexi-preview-files/contact.html]
[ashik.templatepath.net/conexi-preview-files/css/bootstrap.min.css]
[ashik.templatepath.net/conexi-preview-files/css/animate.css]
[ashik.templatepath.net/conexi-preview-files/fonts/fontawesome-webfont3e6e.eot]
[ashik.templatepath.net/conexi-preview-files/fonts/fontawesome-webfontd41d.eot]
[ashik.templatepath.net/conexi-preview-files/fonts/fontawesome-webfont3e6e.woff2]
[ashik.templatepath.net/conexi-preview-files/fonts/fontawesome-webfont3e6e.woff]
[ashik.templatepath.net/conexi-preview-files/fonts/fontawesome-webfont3e6e.ttf]
[ashik.templatepath.net/conexi-preview-files/css/font-awesome.min.css]
[ashik.templatepath.net/conexi-preview-files/css/owl.carousel.css]
[ashik.templatepath.net/conexi-preview-files/css/hover-min.css]
[ashik.templatepath.net/conexi-preview-files/css/owl.theme.default.min.css]
[ashik.templatepath.net/conexi-preview-files/css/bootstrap-select.min.css]
[ashik.templatepath.net/conexi-preview-files/css/magnific-popup.css]
[ashik.templatepath.net/conexi-preview-files/css/images/bx_loader.gif]
[ashik.templatepath.net/conexi-preview-files/css/images/controls.png]
[ashik.templatepath.net/conexi-preview-files/css/jquery.bxslider.min.css]
[ashik.templatepath.net/conexi-preview-files/plugins/conexi-icon/fonts/conexi-icon9d19.eot]
[ashik.templatepath.net/conexi-preview-files/plugins/conexi-icon/fonts/conexi-icon9d19.ttf]
[ashik.templatepath.net/conexi-preview-files/plugins/conexi-icon/fonts/conexi-icon9d19.woff]
[ashik.templatepath.net/conexi-preview-files/plugins/conexi-icon/style.css]
[ashik.templatepath.net/conexi-preview-files/images/team/team-1-3.jpg]
[ashik.templatepath.net/conexi-preview-files/images/pricing/pricing-1-4.png]
[ashik.templatepath.net/conexi-preview-files/images/blog/single-blog-1-1.jpg]
[ashik.templatepath.net/conexi-preview-files/fonts/fontawesome-webfont3e6e.eot]
[ashik.templatepath.net/conexi-preview-files/fonts/fontawesome-webfont3e6e.svg]
[ashik.templatepath.net/conexi-preview-files/css/owl.video.play.html]
[ashik.templatepath.net/conexi-preview-files/plugins/conexi-icon/fonts/conexi-icon9d19.svg]
